\BOOKMARK [1][-]{Rfn.cas.Rul.checkSum.1}{cas\137checkSum}{}% 1
\BOOKMARK [1][-]{Rfn.chem.check.1}{chem.check}{}% 2
\BOOKMARK [1][-]{Rfn.chem.check.v2.1}{chem.check.v2}{}% 3
\BOOKMARK [1][-]{Rfn.clean.last.character.1}{clean.last.character}{}% 4
\BOOKMARK [1][-]{Rfn.clean.toxval.by.source.1}{clean.toxval.by.source}{}% 5
\BOOKMARK [1][-]{Rfn.contains.1}{contains}{}% 6
\BOOKMARK [1][-]{Rfn.count.source.Rul.hash.1}{count.source\137hash}{}% 7
\BOOKMARK [1][-]{Rfn.export.all.by.source.1}{export.all.by.source}{}% 8
\BOOKMARK [1][-]{Rfn.export.all.with.references.v93.1}{export.all.with.references.v93}{}% 9
\BOOKMARK [1][-]{Rfn.export.for.oppt.1}{export.for.oppt}{}% 10
\BOOKMARK [1][-]{Rfn.export.for.study.Rul.type.1}{export.for.study\137type}{}% 11
\BOOKMARK [1][-]{Rfn.export.for.toxvaldb.manuscript.1}{export.for.toxvaldb.manuscript}{}% 12
\BOOKMARK [1][-]{Rfn.export.missing.dictionary.entries.1}{export.missing.dictionary.entries}{}% 13
\BOOKMARK [1][-]{Rfn.export.missing.strains.1}{export.missing.strains}{}% 14
\BOOKMARK [1][-]{Rfn.export.missing.toxval.Rul.type.1}{export.missing.toxval\137type}{}% 15
\BOOKMARK [1][-]{Rfn.export.toxvaldb.subset.1}{export.toxvaldb.subset}{}% 16
\BOOKMARK [1][-]{Rfn.fill.chemical.by.source.1}{fill.chemical.by.source}{}% 17
\BOOKMARK [1][-]{Rfn.fill.toxval.defaults.1}{fill.toxval.defaults}{}% 18
\BOOKMARK [1][-]{Rfn.fill.toxval.defaults.global.by.source.1}{fill.toxval.defaults.global.by.source}{}% 19
\BOOKMARK [1][-]{Rfn.fix.all.param.by.source.1}{fix.all.param.by.source}{}% 20
\BOOKMARK [1][-]{Rfn.fix.casrn.1}{fix.casrn}{}% 21
\BOOKMARK [1][-]{Rfn.fix.critical.Rul.effect.icf.by.source.1}{fix.critical\137effect.icf.by.source}{}% 22
\BOOKMARK [1][-]{Rfn.fix.empty.by.source.1}{fix.empty.by.source}{}% 23
\BOOKMARK [1][-]{Rfn.fix.empty.record.Rul.source.by.source.1}{fix.empty.record\137source.by.source}{}% 24
\BOOKMARK [1][-]{Rfn.fix.exposure.params.1}{fix.exposure.params}{}% 25
\BOOKMARK [1][-]{Rfn.fix.exposure.Rul.method.and.form.by.source.1}{fix.exposure\137method.and.form.by.source}{}% 26
\BOOKMARK [1][-]{Rfn.fix.generation.by.source.1}{fix.generation.by.source}{}% 27
\BOOKMARK [1][-]{Rfn.fix.human.Rul.eco.by.source.1}{fix.human\137eco.by.source}{}% 28
\BOOKMARK [1][-]{Rfn.fix.non.Rul.ascii.v2.1}{fix.non\137ascii.v2}{}% 29
\BOOKMARK [1][-]{Rfn.fix.priority.Rul.id.by.source.1}{fix.priority\137id.by.source}{}% 30
\BOOKMARK [1][-]{Rfn.fix.qc.Rul.status.by.source.1}{fix.qc\137status.by.source}{}% 31
\BOOKMARK [1][-]{Rfn.fix.risk.Rul.assessment.Rul.class.by.source.1}{fix.risk\137assessment\137class.by.source}{}% 32
\BOOKMARK [1][-]{Rfn.fix.single.param.by.source.1}{fix.single.param.by.source}{}% 33
\BOOKMARK [1][-]{Rfn.fix.species.v2.1}{fix.species.v2}{}% 34
\BOOKMARK [1][-]{Rfn.fix.strain.v2.1}{fix.strain.v2}{}% 35
\BOOKMARK [1][-]{Rfn.fix.study.Rul.duration.params.1}{fix.study\137duration.params}{}% 36
\BOOKMARK [1][-]{Rfn.fix.study.Rul.type.manual.1}{fix.study\137type.manual}{}% 37
\BOOKMARK [1][-]{Rfn.fix.trim.Rul.spaces.1}{fix.trim\137spaces}{}% 38
\BOOKMARK [1][-]{Rfn.fix.units.by.source.1}{fix.units.by.source}{}% 39
\BOOKMARK [1][-]{Rfn.generate.originals.1}{generate.originals}{}% 40
\BOOKMARK [1][-]{Rfn.getDBConn.1}{getDBConn}{}% 41
\BOOKMARK [1][-]{Rfn.hello.1}{hello}{}% 42
\BOOKMARK [1][-]{Rfn.import.dictionary.1}{import.dictionary}{}% 43
\BOOKMARK [1][-]{Rfn.import.source.info.by.source.1}{import.source.info.by.source}{}% 44
\BOOKMARK [1][-]{Rfn.load.dsstox.1}{load.dsstox}{}% 45
\BOOKMARK [1][-]{Rfn.log.Rul.message.1}{log\137message}{}% 46
\BOOKMARK [1][-]{Rfn.printCurrentFunction.1}{printCurrentFunction}{}% 47
\BOOKMARK [1][-]{Rfn.runInsert.1}{runInsert}{}% 48
\BOOKMARK [1][-]{Rfn.runInsertTable.1}{runInsertTable}{}% 49
\BOOKMARK [1][-]{Rfn.runQuery.1}{runQuery}{}% 50
\BOOKMARK [1][-]{Rfn.setDBConn.1}{setDBConn}{}% 51
\BOOKMARK [1][-]{Rfn.source.Rul.chemical.chemidplus.1}{source\137chemical.chemidplus}{}% 52
\BOOKMARK [1][-]{Rfn.source.Rul.chemical.ecotox.1}{source\137chemical.ecotox}{}% 53
\BOOKMARK [1][-]{Rfn.source.Rul.chemical.extra.1}{source\137chemical.extra}{}% 54
\BOOKMARK [1][-]{Rfn.source.Rul.chemical.toxrefdb.1}{source\137chemical.toxrefdb}{}% 55
\BOOKMARK [1][-]{Rfn.species.mapper.1}{species.mapper}{}% 56
\BOOKMARK [1][-]{Rfn.toxval.config.1}{toxval.config}{}% 57
\BOOKMARK [1][-]{Rfn.toxval.init.db.1}{toxval.init.db}{}% 58
\BOOKMARK [1][-]{Rfn.toxval.load.alaska.Rul.dec.1}{toxval.load.alaska\137dec}{}% 59
\BOOKMARK [1][-]{Rfn.toxval.load.all.1}{toxval.load.all}{}% 60
\BOOKMARK [1][-]{Rfn.toxval.load.atsdr.1}{toxval.load.atsdr}{}% 61
\BOOKMARK [1][-]{Rfn.toxval.load.atsdr.pfas.1}{toxval.load.atsdr.pfas}{}% 62
\BOOKMARK [1][-]{Rfn.toxval.load.atsdr.pfas.2021.1}{toxval.load.atsdr.pfas.2021}{}% 63
\BOOKMARK [1][-]{Rfn.toxval.load.atsdr.Rul.mrl.Rul.2020.1}{toxval.load.atsdr\137mrl\1372020}{}% 64
\BOOKMARK [1][-]{Rfn.toxval.load.atsdr.Rul.mrl.Rul.2022.1}{toxval.load.atsdr\137mrl\1372022}{}% 65
\BOOKMARK [1][-]{Rfn.toxval.load.bcfbaf.1}{toxval.load.bcfbaf}{}% 66
\BOOKMARK [1][-]{Rfn.toxval.load.caloehha.1}{toxval.load.caloehha}{}% 67
\BOOKMARK [1][-]{Rfn.toxval.load.cal.Rul.dph.1}{toxval.load.cal\137dph}{}% 68
\BOOKMARK [1][-]{Rfn.toxval.load.cancer.1}{toxval.load.cancer}{}% 69
\BOOKMARK [1][-]{Rfn.toxval.load.chemidplus.1}{toxval.load.chemidplus}{}% 70
\BOOKMARK [1][-]{Rfn.toxval.load.chiu.1}{toxval.load.chiu}{}% 71
\BOOKMARK [1][-]{Rfn.toxval.load.copper.1}{toxval.load.copper}{}% 72
\BOOKMARK [1][-]{Rfn.toxval.load.cosmos.1}{toxval.load.cosmos}{}% 73
\BOOKMARK [1][-]{Rfn.toxval.load.dod.1}{toxval.load.dod}{}% 74
\BOOKMARK [1][-]{Rfn.toxval.load.dod.ered.1}{toxval.load.dod.ered}{}% 75
\BOOKMARK [1][-]{Rfn.toxval.load.doe.benchmarks.1}{toxval.load.doe.benchmarks}{}% 76
\BOOKMARK [1][-]{Rfn.toxval.load.doe.ecorisk.1}{toxval.load.doe.ecorisk}{}% 77
\BOOKMARK [1][-]{Rfn.toxval.load.doe.pac.1}{toxval.load.doe.pac}{}% 78
\BOOKMARK [1][-]{Rfn.toxval.load.echa.echemportal.api.1}{toxval.load.echa.echemportal.api}{}% 79
\BOOKMARK [1][-]{Rfn.toxval.load.echa.Rul.iuclid.1}{toxval.load.echa\137iuclid}{}% 80
\BOOKMARK [1][-]{Rfn.toxval.load.ecotox.1}{toxval.load.ecotox}{}% 81
\BOOKMARK [1][-]{Rfn.toxval.load.efsa.1}{toxval.load.efsa}{}% 82
\BOOKMARK [1][-]{Rfn.toxval.load.efsa2.1}{toxval.load.efsa2}{}% 83
\BOOKMARK [1][-]{Rfn.toxval.load.envirotox.1}{toxval.load.envirotox}{}% 84
\BOOKMARK [1][-]{Rfn.toxval.load.epa.Rul.aegl.1}{toxval.load.epa\137aegl}{}% 85
\BOOKMARK [1][-]{Rfn.toxval.load.fda.Rul.cedi.1}{toxval.load.fda\137cedi}{}% 86
\BOOKMARK [1][-]{Rfn.toxval.load.flex.1}{toxval.load.flex}{}% 87
\BOOKMARK [1][-]{Rfn.toxval.load.generic.1}{toxval.load.generic}{}% 88
\BOOKMARK [1][-]{Rfn.toxval.load.genetox.all.1}{toxval.load.genetox.all}{}% 89
\BOOKMARK [1][-]{Rfn.toxval.load.hawc.1}{toxval.load.hawc}{}% 90
\BOOKMARK [1][-]{Rfn.toxval.load.hawc.Rul.pfas.Rul.150.1}{toxval.load.hawc\137pfas\137150}{}% 91
\BOOKMARK [1][-]{Rfn.toxval.load.hawc.Rul.pfas.Rul.430.1}{toxval.load.hawc\137pfas\137430}{}% 92
\BOOKMARK [1][-]{Rfn.toxval.load.healthcanada.1}{toxval.load.healthcanada}{}% 93
\BOOKMARK [1][-]{Rfn.toxval.load.heast.1}{toxval.load.heast}{}% 94
\BOOKMARK [1][-]{Rfn.toxval.load.hess.1}{toxval.load.hess}{}% 95
\BOOKMARK [1][-]{Rfn.toxval.load.hpvis.1}{toxval.load.hpvis}{}% 96
\BOOKMARK [1][-]{Rfn.toxval.load.initial.1}{toxval.load.initial}{}% 97
\BOOKMARK [1][-]{Rfn.toxval.load.iris.1}{toxval.load.iris}{}% 98
\BOOKMARK [1][-]{Rfn.toxval.load.mass.Rul.mmcl.1}{toxval.load.mass\137mmcl}{}% 99
\BOOKMARK [1][-]{Rfn.toxval.load.niosh.1}{toxval.load.niosh}{}% 100
\BOOKMARK [1][-]{Rfn.toxval.load.opp.1}{toxval.load.opp}{}% 101
\BOOKMARK [1][-]{Rfn.toxval.load.oppt.1}{toxval.load.oppt}{}% 102
\BOOKMARK [1][-]{Rfn.toxval.load.osha.Rul.air.Rul.limits.1}{toxval.load.osha\137air\137limits}{}% 103
\BOOKMARK [1][-]{Rfn.toxval.load.ow.Rul.dwsha.1}{toxval.load.ow\137dwsha}{}% 104
\BOOKMARK [1][-]{Rfn.toxval.load.penn.1}{toxval.load.penn}{}% 105
\BOOKMARK [1][-]{Rfn.toxval.load.penn.Rul.dep.1}{toxval.load.penn\137dep}{}% 106
\BOOKMARK [1][-]{Rfn.toxval.load.pfas.Rul.150.Rul.sem.Rul.v2.1}{toxval.load.pfas\137150\137sem\137v2}{}% 107
\BOOKMARK [1][-]{Rfn.toxval.load.postprocess.1}{toxval.load.postprocess}{}% 108
\BOOKMARK [1][-]{Rfn.toxval.load.pprtv.cphea.1}{toxval.load.pprtv.cphea}{}% 109
\BOOKMARK [1][-]{Rfn.toxval.load.pprtv.ncea.1}{toxval.load.pprtv.ncea}{}% 110
\BOOKMARK [1][-]{Rfn.toxval.load.pprtv.ornl.1}{toxval.load.pprtv.ornl}{}% 111
\BOOKMARK [1][-]{Rfn.toxval.load.rsl.1}{toxval.load.rsl}{}% 112
\BOOKMARK [1][-]{Rfn.toxval.load.skin.eye.1}{toxval.load.skin.eye}{}% 113
\BOOKMARK [1][-]{Rfn.toxval.load.source.Rul.chemical.1}{toxval.load.source\137chemical}{}% 114
\BOOKMARK [1][-]{Rfn.toxval.load.source.Rul.chemical.echa.Rul.iuclid.1}{toxval.load.source\137chemical.echa\137iuclid}{}% 115
\BOOKMARK [1][-]{Rfn.toxval.load.species.1}{toxval.load.species}{}% 116
\BOOKMARK [1][-]{Rfn.toxval.load.test.1}{toxval.load.test}{}% 117
\BOOKMARK [1][-]{Rfn.toxval.load.toxrefdb2.1.1}{toxval.load.toxrefdb2.1}{}% 118
\BOOKMARK [1][-]{Rfn.toxval.load.tri.1}{toxval.load.tri}{}% 119
\BOOKMARK [1][-]{Rfn.toxval.load.usgs.Rul.hbsl.1}{toxval.load.usgs\137hbsl}{}% 120
\BOOKMARK [1][-]{Rfn.toxval.load.ut.Rul.hb.1}{toxval.load.ut\137hb}{}% 121
\BOOKMARK [1][-]{Rfn.toxval.load.who.Rul.ipcs.1}{toxval.load.who\137ipcs}{}% 122
\BOOKMARK [1][-]{Rfn.toxval.load.wignall.1}{toxval.load.wignall}{}% 123
\BOOKMARK [1][-]{Rfn.toxval.set.mw.1}{toxval.set.mw}{}% 124
\BOOKMARK [1][-]{Rfn.toxval.summary.stats.1}{toxval.summary.stats}{}% 125
\BOOKMARK [0][-]{index.0}{Index}{}% 126
